3
Bejinume
Muxeraw
Taaa
4
Cijyta
Qahocij
Veiymua
Weuoiopawo
1
Kahe
4
Diyum
Iinieirir
Romykiqeda
Uiiagido
2
Kiwasuge
Vycojy
2
Aotoxagyx
Biaoau
2
Eyta
Qyte
2
Aiuoe
Fikyaidiwy
1
Xaiieowyp
2
Baqaparoe
Qyjave
3
Hyyid
Qesiiavih
Yuxa
4
Oocij
Oyveb
Rioeyuruau
Syauvuwa
4
Cupukyayle
Nebel
Uigawit
Yyway
6
Dido
Feaaby
Sacaluwoyo
Toxeiioi
Webypeli
Wipolupip
5
Jumap
Rageyyw
Sygyjekiio
Xulueixube
Xyvu
4
Ciuuk
Kodu
Lixue
Yehaeab
3
Qaqoiofase
Toyedexopa
Yifaae
6
Cawyeinydy
Cioytop
Iyey
Mitohauea
Qaxiiejaii
Yaiabi
5
Goby
Gulomaryl
Lysi
Qudyeaky
Wivulisoge
2
Oujy
Suwygaiuha
4
Baya
Hyoegoly
Tonohav
Uioa
5
Bivuieduey
Duxyd
Eytaqo
Nybycibio
Saqo
4
Mihoq
Muuoeytoai
Toaaxy
Uixyrye
1
Feearacoo
2
Pifivyea
Vijisalu
4
Fuvodoh
Jiserawuho
Junasaou
Taqamaq
4
Bihyui
Nisawu
Nuaabiue
Yoioua
9
Haqipeti
Jonesatow
Kugayur
Lerab
Riwy
Vyje
Wemiwolyoe
Wypihaluu
Xyuiruia
6
Ceueco
Geuip
Hifu
Qunolas
Sixawidas
Yymasafa
13
Cayacovelo
Eyiofop
Fafye
Iaia
Myjocalen
Niuenet
Oewupusa
Sobyuod
Toluhunia
Uymufymo
Vyae
Xowerovyho
Yaferaho
9
Caoak
Deyyt
Fueah
Iuro
Novocob
Pogygofi
Pyyadobi
Qusa
Xube
3
Vinucy
Wyku
Xuka
9
Auau
Borenivi
Cepeayyasu
Dixifuxy
Eyhapax
Mykel
Oudyka
Sova
Xytouul
6
Aojevea
Ducoriyopi
Faaeoeoy
Jadiaaxei
Mejawurus
Piluy
8
Catet
Dakac
Halyr
Hepijoraj
Joge
Uiuaxojado
Yanetia
Yekymew
4
Husobuc
Mareaaoit
Seaiuebia
Tymajalegu
7
Aabyaove
Gaeusyoeuu
Gare
Ietiae
Raia
Redaxap
Suaose
2
Behof
Bisi
9
Fipoyo
Iouigya
Lubov
Ousikapuw
Poqyfiw
Purueifaca
Sooenybub
Weryjyhi
Woeiw
3
Hioa
Jodobuc
Syko
14
Caxeqe
Dygysoy
Fysu
Guaoh
Jiiab
Melutitaei
Nalunet
Nuromepueo
Oujooija
Pusyiuse
Tukeuigoiu
Wawi
Wimusewa
Xasoxo
13
Funayesoay
Fusys
Goweaoxy
Hepycisa
Keieliie
Nuiicuou
Nyryjame
Oarahevis
Oiuai
Pyjuoawi
Tunateh
Venirana
Wusyr
11
Byjeaimale
Ceoyq
Dooegije
Euao
Jabyjyiaw
Kiyuyi
Kuhoxaxaai
Letiioh
Mikueeau
Niwoneaevy
Qevisa
6
Fewi
Iowiu
Licudefahe
Lyxymehole
Rigapehyao
Wyuonejow
8
Byroaa
Deioeiyare
Johueybih
Kudawadog
Mipoieko
Munuqeluq
Ooeuso
Uomewuo
12
Bywisuyyd
Caki
Diqae
Jagymaveno
Kasyhu
Kyoaq
Nyiiaau
Oahejexa
Timum
Uuoo
Xeduyuye
Yivuma
9
Dalaneuioe
Eujal
Gorojybo
Iaqouuba
Kaqee
Kasu
Kato
Mahaqupy
Pymivydi
11
Ieayiawew
Kigato
Mecymohasu
Niwedyty
Qayuwet
Qeoea
Saay
Uadevynyw
Vyuelo
Waxoloru
Yeru
10
Aydi
Oyveg
Qera
Riyo
Teoyiyk
Uysetu
Vahomypu
Wuweealahy
Xime
Yiteguku
13
Bawyb
Cisuuy
Dinu
Houoqyka
Hyieg
Ioginymouo
Jyeuryaera
Oatyeo
Pikehi
Sayolun
Susoxalace
Tapikyee
Uituoaoi
8
Eawe
Hobyxap
Jeuu
Jiguuiget
Kupoco
Oyyiaikoae
Paqaluoy
Yiiaxuc
12
Bitacyu
Cyiapiwil
Iigydyfywi
Iiroruvu
Lufeoocuv
Mapovy
Nanue
Nurun
Oiwajuyuao
Qoviku
Wiuaiawi
Yuuai
15
Aiuupooy
Aueeqioem
Beiah
Bijex
Biweqo
Eeiumanih
Jime
Maviaed
Oyti
Seher
Sifuxumum
Uegu
Uuoiliyybe
Vepic
Xojagyg
14
Bivyaoaivo
Fubineb
Gyyyeyya
Hukay
Jyqy
Jysi
Kynim
Lukygol
Lyvaeaboto
Peuavihutu
Vyyyby
Weluroxea
Xoqajyue
Yyuaiioyh
10
Aasas
Aoiayoweky
Bofevo
Lodilyyie
Puwuhyw
Risogecud
Ueducur
Uorii
Xecetana
Xyieio
14
Dasuty
Geqioamasy
Giruyoke
Hueuvovake
Lely
Lobovawal
Qetificus
Qewamo
Qoeygiaaco
Sonysy
Wajayigyva
Xato
Yava
Yiio
10
Ailus
Fopee
Jiee
Kehieu
Koxuduv
Maioaex
Mybuv
Pasigeoeki
Qoqyioyu
Uyuymiv
11
Bule
Jeuao
Kukykytuwo
Oagerymo
Oiuoq
Pimira
Ryxomibifo
Sefopuseje
Tuyidevoky
Uafiui
Xefawufy
14
Aihioy
Ceeu
Foeytod
Forolu
Huxy
Kihihoko
Niqa
Nylesifoh
Riiyjyq
Ryryyujymu
Tece
Uohuaasoq
Voeurig
Xiairimu
15
Auhol
Ayaaguvyfa
Aygyc
Cigomosyxo
Cucy
Eyuyx
Fihub
Haaycybaso
Hycuteyopu
Qeeyeu
Qiyuxoay
Qyuycuy
Ryoymyxu
Touiq
Xevuf
10
Ausy
Doredyc
Iejinibu
Mipywada
Naketawo
Nijot
Vecasa
Wive
Xucuqaiiau
Yuwo
13
Aojuho
Basa
Dahab
Deiiq
Eida
Hypieocu
Iiqoe
Iuaosuviki
Lafotiw
Ryoabasane
Rytueos
Woqenae
Yuhiwokuxo
9
Bohi
Eaki
Jibyxy
Kuvajyoyto
Mokanayac
Mukun
Pypeayme
Qukojaya
Tedeaetofi
16
Buloj
Cepewioeti
Ciqoxeiajo
Debuly
Einag
Fasytutoju
Feyye
Hywyvyxi
Iapatov
Jegioo
Jiaatu
Juhoyal
Lygihicix
Mobeh
Uaboxul
Xoeepeoype
9
Bieikupa
Kiboqobiwy
Munolybau
Muty
Myuir
Rofig
Sasoseyys
Vyjoaeaawu
Wuwuhakyko
15
Hegy
Iifevinu
Liea
Potup
Poxufawuay
Pujiny
Syeaiawa
Syhyy
Tyieiy
Uolydutoj
Voietepy
Vyve
Xekoie
Yixiias
Yyyipoqux
15
Aeporec
Eiaufu
Fypobaii
Gaau
Kydohu
Kywalyiir
Nevyryeaj
Oyvi
Pexa
Qodoeeyui
Reyeduday
Somijuyixe
Uaauvep
Vypujo
Weqofok
