23
37
43
48
58
43
50

45
27
39
38
55
61
53
63
52
67
56
37
43
33
54
72
58
61
48
32
50
47
39
56
38
43
63
55
66
58
42
42
49
45
49
43
39
52
61
53
45
30
20
35
38
42
36
33
46
48
64
54
53
50
43
53
55
52
48
60
60
61
69
64
59
63
60
48
43
43
45
50
48
44
42
51
47
47
35
29
41
49
70
67
72
59
40
29
8
20
34
55
75
62
48
47
30

70
65
63
64
79
74
55
55
45
38
41
39
41
37
57
48
55
57
54
47
37
50
43
42
38
30
20
27
24
33
32
46
60
59
63
48
53
40
56
70
68
70
70
56
41
45
38
33
40
51
53
74
76
75
68
60
71
68
73
77
78
64
54
49
33
44
51
39
51
60
50
47
30
21
38
46
48
44
45
41
50
46
32
44
48
48
48
43
34
33
43
42
51
60
51
44
35
36
53
63
64
70
48
48
38
35
58
70
79
67
53
37
29
44
46
52
73
66
59
50
35
18
27
20
29
42
53
56
42
34
12
13
31
40
62
68
59
49
32
33
41
38
51
58
55
62
53
50
53
65
79
65
69
68
49
55
56
55
70
70
54
56
38
33
33
36
52
58
51
35
18
24
48
65
83
76
52
42
23
40
49
39
52
46
37
38
48
33
46
64
48
59
58
51
63
56
62
62
49
49
37
33
45
45
54
56
47
57
65
54
55
46
40
60
72
72
70
58
39
38
25
38
42
59
79
69
66
47
50
44
45
63
40
36
38
20
22
33
33
44
40
43
38
39
39
20
36
30
52
59
50
41
35
29
36
51
43
64
52
46
38
22
34
28
30
43
36
56
59
57
47
47
49
33
41
20
36
46
43
54
42
30
39
29
42
52
56
66
58
53
37
44
48
67
65
66
66
56
57
41
32
33
45
59
71
76
80
78
63
57
40
25
28
26
39
57
67
75
70
60
41
40
32
26
44
29
49
46
35
43
25
40
54
55
55
60
56
56
62
52
45
36
40
53
59
78
80
78
67
62
49
32
48
30
52
49
38
61
53
74
64
45
44
45
55
59
52
44
43
52
54
50
39
32
44
46
62
55
48
49
42
58
59
47
39
24
17
21
38
39
43
46
45
59
56
71
77
75
81
64
44
39
31
46
58
46
57
42
48
48
41
49
28
39
46
37
59
61
63
65
47
50
47
62
68
59
49
50
45
44
58
52
59
60
39
26
20
35
57
55
64
51
40
64
63
67
74
54
37
46
35
35
39
37
50
47
59
50
49
71
58
55
55
53
69
83
88
88
82
82
70
61
56
54
51
61
78
64
71
60
37
49
36
30
44
26
47
43
48
69
54
62
54
48
53
51
40
48
42
49
51
40
38
46
64
55
70
53
49
65
57
70
63
58
63
62
52
37
30
20
34
57
57
67
67
51
47
32
41
54
69
90
87
72
72
58
60
75
61
66
51
39
31
40
35
51
66
56
56
54
45
39
36
25
24
30
29
20
37
45
57
69
66
62
71
61
57
65
47
60
60
57
58
56
39
28
47
38
51
48
40
45
51
48
36
27
33
38
47
46
36
41
43
62
64
71
61
45
40
23
35
45
40
49
55
52
63
62
58
57
59
62
51
58
52
54
53
39
35
33
29
33
29
27
47
54
71
74
70
64
64
55
46
63
45
57
53
37
54
37
35
41
37
56
66
59
54
41
36
46
57
51
61
48
31
43
38
54
56
57
60
59
64
61
63
49
54
50
47
42
26
36
37
37
52
38
35
40
37
56
62
76
80
72
75
71
58
46
31
17
35
38
54
73
58
54
43
45
40
52
42
34
42
31
28
30
33
42
52
55
55
47
38
35
33
40
46
50
41
28
31
14
26
43
35
34
35
40
56
73
82
74
65
66
67
77
80
69
56
39
28
19
22
37
61
77
69
65
65
70
82
88
76
73
80
64
72
75
72
88
73
73
67
57
72
60
60
62
54
59
60
62
70
74
71
67
58
56
54
55
50
41
52
50
49
65
45
38
51
29
29
45
28
39
47
35
45
39
28
35
40
37
58
58
54
68
64
67
79
86
76
58
33
30
42
56
77
76
78
68
65
54
43
62
65
59
53
44
46
46
45
42
36
34
49
38
33
43
34
54
42
54
62
48
69
57
58
61
56
65
67
76
67
56
50
39
55
50
61
63
40
55
52
60
82
75
57
42
44
42
40
56
40
52
74
73
75
59
57
56
68
78
75
76
76
75
79
58
40
32
11
29
30
32
41
45
61
73
78
76
62
65
74
60
76
77
72
93
73
71
62
51
54
37
43
49
62
69
77
65
53
41
37
38
41
46
50
48
48
69
57
64
53
31
30
31
38
40
29
16
22
27
32
44
50
54
49
57
45
55
76
56
67
47
37
55
53
50
59
56
50
54
41
27
22
27
40
58
69
73
61
43
27
23
21
35
50
64
61
57
48
44
52
59
67
58
55
58
44
54
46
38
37
36
46
53
66
