5 12 13
10 24 26
40 42 58

6 8 10
23 264 265
48 64 80
48 286 290
64 252 260
75 100 125
87 416 425
90 216 234
100 240 260
190 336 386
210 416 466
210 504 546
234 480 534
256 480 544

19 180 181
51 1300 1301
180 432 468
198 1080 1098
352 936 1000
554 76728 76730
560 1518 1618
745 277512 277513
845 14268 14293
928 107646 107650
962 1200 1538
1008 63500 63508
1020 130048 130052
1116 8613 8685
1220 7392 7492
1284 11413 11485
1288 8415 8513
1332 12285 12357
1548 3536 3860
1885 4524 4901
1885 10428 10597
1920 460798 460802
1944 11583 11745
1988 494016 494020
2016 3780 4284
2044 21267 21365
2144 71808 71840
2500 62475 62525
2756 11067 11405
2760 52864 52936
2765 77988 78037
2780 77259 77309
3069 3780 4869
3285 215812 215837
3312 33775 33937
3480 41978 42122
3480 84064 84136
3567 7144 7985
3780 9072 9828
3852 45715 45877
3872 468504 468520
4150 6264 7514
4212 54675 54837
4284 254880 254916
4641 4680 6591
4680 6885 8325
4710 24424 24874
4719 65800 65969
4740 312032 312068
5247 12096 13185
5436 205173 205245
5460 152051 152149
5652 443664 443700
5760 7076 9124
5848 14214 15370
5915 103428 103597
6165 234572 234653
6314 203352 203450
6336 139320 139464
6539 126420 126589
6591 128440 128609
6909 487060 487109
7004 42147 42725
7056 76670 76994
7080 62458 62858
7137 150616 150785
7248 45314 45890
7416 9313 11905
7840 480168 480232
7920 54162 54738
8242 100320 100658
8325 55132 55757
8424 246330 246474
8536 75030 75514
8757 86724 87165
8940 199709 199909
8960 49776 50576
9072 52096 52880
9120 288728 288872
9387 99684 100125
9600 18848 21152
9828 35045 36397
9828 102960 103428
9864 36890 38186
10052 128685 129077
10137 52984 53945
10240 65136 65936
10432 212424 212680
10452 16435 19477
10556 32283 33965
10640 70356 71156
10704 42147 43485
10704 49153 50305
10780 119808 120292
10812 24125 26437
10830 130096 130546
11084 52560 53716
11214 70848 71730
11252 17136 20500
11704 86970 87754
11752 101814 102490
11968 147726 148210
12224 291720 291976
13132 15555 20357
13156 18333 22565
13208 63840 65192
13560 255200 255560
14085 440748 440973
14196 31603 34645
14212 103845 104813
14304 43250 45554
14420 41211 43661
14440 15162 20938
14527 17136 22465
14602 19800 24602
14807 22176 26665
14945 90552 91777
15096 22330 26954
15323 16836 22765
15360 50048 52352
15796 128397 129365
15867 67156 69005
15997 442596 442885
16016 46080 48784
16058 66120 68042
16080 80002 81602
16148 134205 135173
16256 516000 516256
16500 24725 29725
16872 50615 53353
17220 40261 43789
17255 176592 177433
17424 468350 468674
17640 62279 64729
17820 87309 89109
18031 450120 450481
18468 22995 29493
18468 26325 32157
18480 42164 46036
18655 141432 142657
18792 22880 29608
19008 60494 63410
19008 81855 84033
19197 252396 253125
19680 65800 68680
19695 43792 48017
19712 200220 201188
20048 28905 35177
20648 61686 65050
21504 29240 36296
21533 60444 64165
21624 99968 102280
21700 187731 188981
21960 65178 68778
22044 53600 57956
22176 23868 32580
22456 160017 161585
22560 220324 221476
22631 89760 92569
22848 76670 80002
22848 254386 255410
22995 64628 68597
23316 25787 34765
23400 151200 153000
23408 44544 50320
23460 128992 131108
23471 113520 115921
23525 442428 443053
23664 38252 44980
23712 207260 208612
23821 37740 44629
24025 299832 300793
24192 82944 86400
24192 185840 187408
24339 77740 81461
24500 57525 62525
24500 60099 64901
24564 26923 36445
24783 281456 282545
25160 55062 60538
25333 51156 57085
25387 113316 116125
25420 167139 169061
25700 63549 68549
25704 225847 227305
25728 214704 216240
25728 322696 323720
25839 306000 307089
26268 35245 43957
26390 140904 143354
26532 160515 162693
26768 227700 229268
26845 83172 87397
27200 114000 117200
27328 117504 120640
27472 36180 45428
27768 68585 73993
27904 379680 380704
27930 78824 83626
27972 132704 135620
28084 340560 341716
28167 235144 236825
28196 29760 40996
28248 182095 184273
28355 141708 144517
28600 210282 212218
28728 54954 62010
28872 320954 322250
29376 36432 46800
29385 212192 214217
29667 522844 523685
29784 93610 98234
29812 263355 265037
29835 169812 172413
29835 218772 220797
30213 66284 72845
30400 224601 226649
30500 90525 95525
30879 86800 92129
30879 725328 725985
30996 56547 64485
30996 740997 741645
31188 112805 117037
31467 189044 191645
31520 32409 45209
31536 36800 48464
31603 241740 243797
31679 77280 83521
31776 217970 220274
31815 40392 51417
31930 264264 266186
32076 85293 91125
32560 42924 53876
32769 492480 493569
33048 471814 472970
33408 118800 123408
33664 65073 73265
34128 40415 52897
34299 41580 53901
34506 54008 64090
34584 152513 156385
34719 117040 122081
34788 43645 55813
35604 169547 173245
36271 92040 98929
37605 53572 65453
37620 105651 112149
37696 244572 247460
37716 199837 203365
37863 178616 182585
37888 260775 263513
38136 411350 413114
38157 150524 155285
38320 458082 459682
38548 173445 177677
38772 125965 131797
39087 69784 79985
39240 90998 99098
39284 180213 184445
39425 81600 90625
39765 259852 262877
40425 68600 79625
40442 71400 82058
40526 775632 776690
40896 75472 85840
41130 206824 210874
41496 43703 60265
41496 55328 69160
41580 253456 256844
41685 73292 84317
42296 92097 101345
42585 121888 129113
42612 158795 164413
43000 55104 69896
43179 69500 81821
43473 48464 65105
43632 181026 186210
43992 216815 221233
44100 196000 200900
44319 376280 378881
44352 119935 127873
44352 129360 136752
44387 62484 76645
44530 87696 98354
44640 125756 133444
45828 240240 244572
45920 77778 90322
45920 153438 160162
46280 86775 98345
46368 506974 509090
46548 370064 372980
46720 129129 137321
46720 167328 173728
46904 282153 286025
46965 112716 122109
47096 327990 331354
47343 59024 75665
47478 322696 326170
48192 121394 130610
48980 152181 159869
49192 74400 89192
49855 355272 358753
50028 285104 289460
50031 479880 482481
50040 69184 85384
50160 204911 210961
50640 889700 891140
50740 181419 188381
50787 86184 100035
50895 167328 174897
51200 126072 136072
51240 265462 270362
51681 278120 282881
51786 164952 172890
52033 361944 365665
52275 524012 526613
52328 81354 96730
52451 393420 396901
52480 75858 92242
52528 284895 289697
52528 365820 369572
52722 57920 78322
52857 553740 556257
53466 216712 223210
53816 374790 378634
54117 366956 370925
54132 237776 243860
55083 405844 409565
55272 69920 89128
55304 91770 107146
55328 136104 146920
55380 65968 86132
55746 235872 242370
56199 67000 87449
56529 158120 167921
56604 60053 82525
56615 354768 359257
57000 60950 83450
57164 423120 426964
57200 71796 91796
57240 61664 84136
57247 86904 104065
57265 385968 390193
58007 331224 336265
58065 147392 158417
58239 255200 261761
58428 289765 295597
58428 583904 586820
58880 97608 113992
58905 289648 295577
59044 516480 519844
59192 81600 100808
59200 154524 165476
59800 173802 183802
59983 92856 110545
60000 498200 501800
60137 116184 130825
60345 274232 280793
60582 187960 197482
61152 304286 310370
61280 140289 153089
61640 207111 216089
61776 242530 250274
62118 239080 247018
62128 116865 132353
62173 306564 312805
62310 211736 220714
62604 67203 91845
62884 152163 164645
62976 98368 116800
63099 300140 306701
63840 96534 115734
64144 353280 359056
64155 93572 113453
64532 87024 108340
64855 171072 182953
65037 66316 92885
65072 146775 160553
65208 69920 95608
65208 365194 370970
65314 70752 96290
65700 84672 107172
65703 140104 154745
67000 77280 102280
67000 245511 254489
67240 70602 97498
67425 82600 106625
67704 182272 194440
67797 347004 353565
68420 84621 108821
68544 102920 123656
69264 86400 110736
69276 247243 256765
69464 203073 214625
70296 155647 170785
70620 281869 290581
71162 144600 161162
71508 77885 105733
72125 158652 174277
73030 794352 797702
73292 115344 136660
73312 95166 120130
73959 341320 349241
74025 484272 489897
74036 192027 205805
74085 87188 114413
74125 168012 183637
74385 302032 311057
74648 373014 380410
74772 306875 315853
74888 509334 514810
75264 86240 114464
75392 240240 251792
75952 154380 172052
76180 163248 180148
77380 129792 151108
77625 185008 200633
77982 85360 115618
78120 145882 165482
78225 272000 283025
78375 188752 204377
78526 300768 310850
78538 123240 146138
79476 115843 140485
79514 222552 236330
79515 164348 182573
79636 206973 221765
80000 86775 118025
80028 239904 252900
80344 95583 124865
80760 140657 162193
80864 129960 153064
80960 508872 515272
81088 255816 268360
81216 169713 188145
81241 166440 185209
81641 285360 296809
81760 160728 180328
81792 150944 171680
82944 117950 144194
83058 90800 123058
83790 148176 170226
83997 138996 162405
84177 168264 188145
84456 141217 164545
84564 123120 149364
84564 265923 279045
85491 100980 132309
85527 260336 274025
85696 334080 344896
85824 167240 187976
86464 291720 304264
86825 153912 176713
87984 210188 227860
89280 142882 168482
89604 141453 167445
89856 184320 205056
90896 376530 387346
91180 226389 244061
91224 254150 270026
91304 150447 175985
91520 381792 392608
91584 175388 197860
91979 393420 404029
92352 222145 240577
92736 93852 131940
92736 173880 197064
92794 305592 319370
92819 417180 427381
93101 163500 188149
93104 507840 516304
93508 97344 134980
93730 196416 217634
93975 121792 153833
94134 285112 300250
94187 466716 476125
94234 121512 153770
94672 228735 247553
94688 129234 160210
95608 197706 219610
96000 106568 143432
96057 330176 343865
96120 108511 144961
96696 201178 223210
96696 444150 454554
96876 236880 255924
96957 256876 274565
97012 176016 200980
97544 292383 308225
97600 228144 248144
98176 211968 233600
98237 110916 148165
99051 251980 270749
99699 164260 192149
100748 312435 328277
101215 201192 225217
101260 337008 351892
101404 241803 262205
102144 310210 326594
102960 134676 169524
102960 305182 322082
103860 324829 341029
104760 153162 185562
104832 206480 231568
104832 359424 374400
105135 194728 221297
105256 184992 212840
105644 280917 300125
106512 186866 215090
106704 142272 177840
106704 252353 273985
106722 280720 300322
106765 323532 340693
107016 337463 354025
107551 328440 345601
107730 312464 330514
108040 255498 277402
109395 138348 176373
110028 533104 544340
111475 187572 218197
112119 346480 364169
112185 336168 354393
112193 264624 287425
112580 170589 204389
112860 343811 361861
113184 543320 554984
113520 366016 383216
114425 488400 501625
116032 530376 542920
116116 144387 185285
116400 149362 189362
116508 137885 180517
116696 499290 512746
116715 271492 295517
116724 327760 347924
117648 526014 539010
117924 183680 218276
118158 155680 195442
118231 363000 381769
118695 170488 207737
118800 230625 259425
119064 398090 415514
120054 303272 326170
120292 478656 493540
120428 241875 270197
120640 177480 214600
121047 284896 309545
121136 274527 300065
121380 245939 274261
121746 338672 359890
122694 242408 271690
123176 223590 255274
123539 131820 180661
124025 162000 204025
124136 546390 560314
124312 567840 581288
124500 232379 263629
124822 182280 220922
125083 266556 294445
125665 166872 208897
126984 357130 379034
127040 302418 328018
127880 128118 181018
127991 357840 380041
128112 434434 452930
128803 352404 375205
129107 561924 576565
129220 186861 227189
129498 315560 341098
129549 154660 201749
129800 598038 611962
129860 162099 207701
130683 521356 537485
131516 352800 376516
132704 893403 903205
132860 244221 278021
132880 158208 206608
133200 201778 241778
133245 477972 496197
133848 505386 522810
134232 237226 272570
135500 278139 309389
136125 326700 353925
136396 297597 327365
136752 165086 214370
137475 161348 211973
137712 185135 230737
138415 145848 201073
138880 226416 265616
138908 314835 344117
139072 192696 237640
139608 291040 322792
139689 326700 355311
140288 592416 608800
140657 204624 248305
140910 155104 209554
141645 198428 243797
141887 234384 273985
142272 212296 255560
142272 304304 335920
142496 326172 355940
142562 344640 372962
142709 566820 584509
143871 196240 243329
144000 229264 270736
144096 437800 460904
144160 262404 299396
144200 520650 540250
144560 372900 399940
144666 149688 208170
144752 196686 244210
144840 152576 210376
145656 158950 215594
146132 160176 216820
146590 267456 304994
146608 365295 393617
146853 284004 319725
149565 275132 313157
150384 207988 256660
150447 559304 579185
150732 442576 467540
151200 272000 311200
151317 245756 288605
152056 405750 433306
152576 239943 284345
152660 172701 230501
152776 202950 254026
153416 348687 380945
153664 210210 260386
154380 418672 446228
154660 313248 349348
155551 361560 393601
155820 259291 302509
156152 252375 296777
156744 371008 402760
156800 617400 637000
157552 180180 239348
159034 351288 385610
159229 476100 502021
160925 512988 537637
161120 257796 304004
161160 195776 253576
161160 960245 973675
161370 218456 271594
161680 352128 387472
162099 555768 578925
162540 277488 321588
162540 705175 723665
162679 174720 238729
163489 489720 516289
163560 360778 396122
163705 626808 647833
163715 206052 263173
163840 172032 237568
164328 224105 277897
164542 235200 287042
164560 255552 303952
164736 254448 303120
165212 300384 342820
167328 573696 597600
167720 339201 378401
168032 225624 281320
168264 519552 546120
168336 191360 254864
168535 397848 432073
169600 255300 306500
170731 399300 434269
171072 205220 267172
171080 425238 458362
171366 228488 285610
171912 595034 619370
172032 322560 365568
172656 179010 248706
173502 174960 246402
173880 265679 317521
174345 469448 500777
174496 256128 309920
174720 550960 578000
175336 356310 397114
175750 191400 259850
176128 203904 269440
176515 313908 360133
176575 493728 524353
176814 373248 413010
177187 548916 576805
177840 319121 365329
177849 424880 460601
178164 368560 409364
179190 212264 277786
180115 597228 623797
180576 510850 541826
180873 376336 417545
180908 385605 425933
181152 352640 396448
181350 318200 366250
181502 338400 384002
181670 206856 275306
182040 284345 337625
182715 419972 457997
182919 229360 293369
182932 593424 620980
183013 412116 450925
184269 268660 325781
184300 432432 470068
185310 719200 742690
185400 359424 404424
185473 443136 480385
185861 329220 378061
186277 656364 682285
187137 222984 291105
188673 514736 548225
189000 243225 308025
189720 350519 398569
190045 436212 475813
191552 314160 367952
191854 348672 397970
192269 332940 384469
192335 219432 291793
192402 223360 294802
193752 331360 383848
194616 349263 399825
195063 255016 321065
195608 210585 287417
195696 397103 442705
196419 328180 382469
196700 285219 346469
197087 271416 335425
198560 312156 369956
199650 338800 393250
200304 415150 460946
201195 278748 343773
202041 553520 589241
202335 343048 398273
202400 360750 413650
202664 255177 325865
202945 584592 618817
203615 537888 575137
203679 602640 636129
203931 241740 316269
204055 591192 625417
204193 455424 499105
204363 272484 340605
204820 240240 315700
205960 257664 329864
206584 348390 405034
207213 347284 404405
207955 526212 565813
208616 670950 702634
209292 385595 438733
211200 238784 318784
211312 614016 649360
211437 594484 630965
213944 288417 359105
214544 662850 696706
214695 587088 625113
214704 245440 326096
216256 349440 410944
216788 246384 328180
218652 280864 355940
218736 603520 641936
219648 535936 579200
221445 331972 399053
222552 417285 472923
224143 367224 430225
224601 251532 337215
225498 374440 437098
225568 238080 327968
225743 310224 383665
226032 593024 634640
226188 581584 624020
227178 325480 396922
227384 407337 466505
229384 247737 337625
229599 346480 415649
230112 235934 329570
230285 342468 412693
230928 619904 661520
231975 506168 556793
232143 516976 566705
232540 250848 342052
232812 417285 477837
232960 374400 440960
233025 695000 733025
234544 254508 346100
235248 487186 541010
237328 391980 458228
237728 344946 418930
238545 309672 390897
239564 244923 342605
239939 532860 584389
240711 255680 351161
241893 336924 414765
242366 426288 490370
246384 537010 590834
246521 275280 369529
249975 375328 450953
251457 534776 590945
251532 291024 384660
252476 461760 526276
252591 404680 477041
253365 354548 435773
253827 545436 601605
255200 678600 725000
256208 421056 492880
256728 607946 659930
257725 310500 403525
259434 325512 416250
261072 504896 568400
263781 591300 647469
264060 274912 381188
264192 499744 565280
264264 273823 380545
264327 323536 417785
264796 433347 507845
265200 312578 409922
265200 399569 479569
266505 278648 385577
266526 399168 479970
267641 301080 402841
268425 686312 736937
268710 436696 512746
268710 551200 613210
271265 615552 672673
271643 301476 405805
272731 503100 572269
272824 482250 554074
273175 591600 651625
273288 279545 390937
273598 334320 432002
273948 331405 429973
275616 678760 732584
278016 556930 622466
279292 533856 602500
280840 298329 409721
282755 534132 604357
283200 667400 725000
283712 421860 508388
285658 321480 430058
285974 369768 467450
286977 321064 430625
287550 357696 458946
288000 353800 456200
289440 547288 619112
289914 348248 453130
292113 509184 587025
294134 441288 530330
295856 353010 460594
298931 394380 494869
301000 693558 756058
301093 712476 773485
301840 541842 620242
302728 408954 508810
302784 388912 492880
304048 314265 437273
304236 332827 450925
304304 525150 606946
306945 539352 620577
307944 378208 487720
308112 657166 725810
309551 658080 727249
309920 676632 744232
310992 413140 517108
311168 550974 632770
311388 400915 507637
311872 330546 454450
312176 316110 444274
312325 408948 514573
313896 346528 467560
314160 469755 565125
314721 551200 634721
315423 352936 473345
315700 345552 468052
317275 368988 486637
317656 397233 508625
317768 462774 561370
317835 459428 558653
319084 380163 496325
319152 368180 487252
320528 679296 751120
322560 393984 509184
322560 456832 559232
322875 591628 673997
322952 568986 654250
323025 556000 643025
323640 580678 664778
325008 327294 461250
325381 538980 629581
325984 386688 505760
326172 445075 551797
326585 543312 633913
328871 349800 480121
331793 415224 531505
332940 368368 496532
336539 353100 487789
341316 439520 556484
341411 506460 610789
342720 461756 575044
343602 440800 558898
343860 488432 597332
344400 613952 703952
345072 473815 586153
346473 720664 799625
347004 725328 804060
347384 444150 563866
347442 481120 593458
347820 400099 530149
350892 462235 580333
351540 594928 691028
353460 402661 535789
353625 465800 584825
354003 369796 511925
355552 533736 641320
356310 893144 961594
358048 374400 518048
359424 614880 712224
359597 543204 651445
360512 489984 608320
363051 588060 691101
363872 365820 515972
364480 516792 632392
365792 426306 561730
366016 506880 625216
366460 469899 595901
366567 574856 681785
367353 514696 632345
368640 777728 860672
369892 644544 743140
371645 665652 762373
371756 424080 563956
372453 595196 702125
373032 656374 754970
373704 382153 534505
377712 465534 599490
379680 769304 857896
382261 570180 686461
385329 719200 815921
385805 492012 625237
387684 455787 598365
392916 439013 589165
393056 585390 705106
393624 415610 572426
393984 452610 600066
394509 703700 806741
396078 497840 636178
398223 454536 604305
399267 663356 774245
401715 644652 759573
402380 794352 890452
404040 473071 622129
405443 767676 868165
407979 777940 878429
408051 589500 716949
408348 654336 771300
415616 518910 664834
415668 463645 622693
416472 455846 617450
416880 508702 657698
417087 594216 725985
417340 519459 666341
419196 515200 664196
419625 555768 696393
421827 577564 715205
423360 431964 604836
425790 476784 639234
426071 666120 790729
426339 583660 722789
427688 519255 672713
431595 448668 622557
432432 434676 613140
433600 507528 667528
434704 497280 660496
435471 573040 719729
436179 729820 850229
436536 519552 678600
437265 634032 770193
439560 459391 635809
440960 450912 630688
441861 540580 698189
444375 631800 772425
444648 499015 668377
446160 814078 928322
447552 520785 686673
447720 690202 822698
448224 674050 809474
448493 612276 758965
451389 637420 781061
455840 690462 827362
458265 537152 706073
458280 568998 730602
459253 783996 908605
460279 471240 658729
460960 482142 667042
462441 592040 751241
464187 771484 900365
465217 827544 949345
466088 576534 741370
466785 732032 868193
467280 540239 714289
467565 753868 887093
468480 496799 682849
469125 712188 852813
471600 793250 922850
472032 632024 788840
479136 779890 915314
479192 543015 724217
480779 630420 792829
481429 744300 886429
481525 551532 732157
482560 586272 759328
482584 844470 972634
482604 523547 712045
487015 753792 897433
490176 615230 786626
491410 518256 714194
491949 586820 765749
491967 631944 800865
492528 807296 945680
495975 590632 771257
496272 724546 878210
504533 765444 916765
504987 646316 820205
509184 695520 861984
510708 583856 775700
511272 517545 727497
522560 539448 751048
525140 637872 826228
531228 708304 885380
536739 698860 881189
536784 719950 898034
537753 717004 896255
539965 856332 1012357
541827 705564 889605
543168 578000 793168
545055 690392 879617
546115 609588 818437
546120 657882 855018
547944 555830 780506
548352 819936 986400
549287 818184 985465
549405 702972 892197
552600 652742 855242
553307 681876 878125
555427 712236 903205
558960 855218 1021682
559104 816640 989696
560739 648340 857189
562275 644972 855653
563300 765600 950500
565125 860852 1029773
567840 825752 1002152
570259 838380 1013941
571155 767372 956597
572895 755152 947873
573696 788480 975104
577424 615390 843874
599724 643280 879476
600383 877344 1063105
606567 793856 999065
607497 814504 1016105
607831 624360 871369
612315 642572 887597
614771 655980 899029
617841 766120 984209
618977 689136 926305
628704 775720 998504
639128 897546 1101850
640941 763820 997109
642116 877920 1087684
655576 939510 1145626
667920 835072 1069328
672000 864800 1095200
691424 848610 1094626
700553 888096 1131145
705432 897574 1141610
706000 871872 1121872
